# JRE version: Java(TM) SE Runtime Environment (8.0_20-b26) (build 1.8.0_20-b26)
# Java VM: Java HotSpot(TM) 64-Bit Server VM (25.20-b23 mixed mode windows-amd64 compressed oops)
Heap:
 PSYoungGen      total 269824K, used 80276K [0x00000000eab00000, 0x0000000100000000, 0x0000000100000000)
  eden space 248832K, 23% used [0x00000000eab00000,0x00000000ee4e8e38,0x00000000f9e00000)
  from space 20992K, 99% used [0x00000000f9e00000,0x00000000fb27c380,0x00000000fb280000)
  to   space 27648K, 0% used [0x00000000fe500000,0x00000000fe500000,0x0000000100000000)
 ParOldGen       total 125952K, used 77024K [0x00000000c0000000, 0x00000000c7b00000, 0x00000000eab00000)
  object space 125952K, 61% used [0x00000000c0000000,0x00000000c4b38008,0x00000000c7b00000)
 Metaspace       used 63461K, capacity 67529K, committed 67584K, reserved 1105920K
  class space    used 8835K, capacity 10195K, committed 10240K, reserved 1048576K
GC Heap History (10 events):
Event: 27.929 GC heap before
{Heap before GC invocations=21 (full 3):
 PSYoungGen      total 196608K, used 185344K [0x00000000eab00000, 0x00000000fa200000, 0x0000000100000000)
  eden space 185344K, 100% used [0x00000000eab00000,0x00000000f6000000,0x00000000f6000000)
  from space 11264K, 0% used [0x00000000f6000000,0x00000000f6000000,0x00000000f6b00000)
  to   space 16896K, 0% used [0x00000000f9180000,0x00000000f9180000,0x00000000fa200000)
 ParOldGen       total 70144K, used 44880K [0x00000000c0000000, 0x00000000c4480000, 0x00000000eab00000)
  object space 70144K, 63% used [0x00000000c0000000,0x00000000c2bd4180,0x00000000c4480000)
 Metaspace       used 45277K, capacity 47933K, committed 48256K, reserved 1089536K
  class space    used 6239K, capacity 7184K, committed 7296K, reserved 1048576K
Event: 28.340 GC heap after
Heap after GC invocations=21 (full 3):
 PSYoungGen      total 232448K, used 16882K [0x00000000eab00000, 0x00000000faa80000, 0x0000000100000000)
  eden space 215552K, 0% used [0x00000000eab00000,0x00000000eab00000,0x00000000f7d80000)
  from space 16896K, 99% used [0x00000000f9180000,0x00000000fa1fcb48,0x00000000fa200000)
  to   space 20480K, 0% used [0x00000000f7d80000,0x00000000f7d80000,0x00000000f9180000)
 ParOldGen       total 70144K, used 46443K [0x00000000c0000000, 0x00000000c4480000, 0x00000000eab00000)
  object space 70144K, 66% used [0x00000000c0000000,0x00000000c2d5acd8,0x00000000c4480000)
 Metaspace       used 45277K, capacity 47933K, committed 48256K, reserved 1089536K
  class space    used 6239K, capacity 7184K, committed 7296K, reserved 1048576K
}
Event: 40.870 GC heap before
{Heap before GC invocations=22 (full 3):
 PSYoungGen      total 232448K, used 232434K [0x00000000eab00000, 0x00000000faa80000, 0x0000000100000000)
  eden space 215552K, 100% used [0x00000000eab00000,0x00000000f7d80000,0x00000000f7d80000)
  from space 16896K, 99% used [0x00000000f9180000,0x00000000fa1fcb48,0x00000000fa200000)
  to   space 20480K, 0% used [0x00000000f7d80000,0x00000000f7d80000,0x00000000f9180000)
 ParOldGen       total 70144K, used 46443K [0x00000000c0000000, 0x00000000c4480000, 0x00000000eab00000)
  object space 70144K, 66% used [0x00000000c0000000,0x00000000c2d5acd8,0x00000000c4480000)
 Metaspace       used 49706K, capacity 52488K, committed 52736K, reserved 1093632K
  class space    used 6876K, capacity 7839K, committed 7936K, reserved 1048576K
Event: 40.906 GC heap after
Heap after GC invocations=22 (full 3):
 PSYoungGen      total 236032K, used 13697K [0x00000000eab00000, 0x00000000fcb00000, 0x0000000100000000)
  eden space 215552K, 0% used [0x00000000eab00000,0x00000000eab00000,0x00000000f7d80000)
  from space 20480K, 66% used [0x00000000f7d80000,0x00000000f8ae0428,0x00000000f9180000)
  to   space 21504K, 0% used [0x00000000fb600000,0x00000000fb600000,0x00000000fcb00000)
 ParOldGen       total 70144K, used 60795K [0x00000000c0000000, 0x00000000c4480000, 0x00000000eab00000)
  object space 70144K, 86% used [0x00000000c0000000,0x00000000c3b5ee08,0x00000000c4480000)
 Metaspace       used 49706K, capacity 52488K, committed 52736K, reserved 1093632K
  class space    used 6876K, capacity 7839K, committed 7936K, reserved 1048576K
}
Event: 40.906 GC heap before
{Heap before GC invocations=23 (full 4):
 PSYoungGen      total 236032K, used 13697K [0x00000000eab00000, 0x00000000fcb00000, 0x0000000100000000)
  eden space 215552K, 0% used [0x00000000eab00000,0x00000000eab00000,0x00000000f7d80000)
  from space 20480K, 66% used [0x00000000f7d80000,0x00000000f8ae0428,0x00000000f9180000)
  to   space 21504K, 0% used [0x00000000fb600000,0x00000000fb600000,0x00000000fcb00000)
 ParOldGen       total 70144K, used 60795K [0x00000000c0000000, 0x00000000c4480000, 0x00000000eab00000)
  object space 70144K, 86% used [0x00000000c0000000,0x00000000c3b5ee08,0x00000000c4480000)
 Metaspace       used 49706K, capacity 52488K, committed 52736K, reserved 1093632K
  class space    used 6876K, capacity 7839K, committed 7936K, reserved 1048576K
Event: 41.283 GC heap after
Heap after GC invocations=23 (full 4):
 PSYoungGen      total 236032K, used 0K [0x00000000eab00000, 0x00000000fcb00000, 0x0000000100000000)
  eden space 215552K, 0% used [0x00000000eab00000,0x00000000eab00000,0x00000000f7d80000)
  from space 20480K, 0% used [0x00000000f7d80000,0x00000000f7d80000,0x00000000f9180000)
  to   space 21504K, 0% used [0x00000000fb600000,0x00000000fb600000,0x00000000fcb00000)
 ParOldGen       total 125952K, used 68920K [0x00000000c0000000, 0x00000000c7b00000, 0x00000000eab00000)
  object space 125952K, 54% used [0x00000000c0000000,0x00000000c434e348,0x00000000c7b00000)
 Metaspace       used 49706K, capacity 52488K, committed 52736K, reserved 1093632K
  class space    used 6876K, capacity 7839K, committed 7936K, reserved 1048576K
}
Event: 2904.169 GC heap before
{Heap before GC invocations=24 (full 4):
 PSYoungGen      total 236032K, used 215552K [0x00000000eab00000, 0x00000000fcb00000, 0x0000000100000000)
  eden space 215552K, 100% used [0x00000000eab00000,0x00000000f7d80000,0x00000000f7d80000)
  from space 20480K, 0% used [0x00000000f7d80000,0x00000000f7d80000,0x00000000f9180000)
  to   space 21504K, 0% used [0x00000000fb600000,0x00000000fb600000,0x00000000fcb00000)
 ParOldGen       total 125952K, used 68920K [0x00000000c0000000, 0x00000000c7b00000, 0x00000000eab00000)
  object space 125952K, 54% used [0x00000000c0000000,0x00000000c434e348,0x00000000c7b00000)
 Metaspace       used 51050K, capacity 53998K, committed 54272K, reserved 1095680K
  class space    used 7096K, capacity 8132K, committed 8192K, reserved 1048576K
Event: 2904.451 GC heap after
Heap after GC invocations=24 (full 4):
 PSYoungGen      total 266240K, used 3694K [0x00000000eab00000, 0x00000000fc700000, 0x0000000100000000)
  eden space 248832K, 0% used [0x00000000eab00000,0x00000000eab00000,0x00000000f9e00000)
  from space 17408K, 21% used [0x00000000fb600000,0x00000000fb99b810,0x00000000fc700000)
  to   space 20992K, 0% used [0x00000000f9e00000,0x00000000f9e00000,0x00000000fb280000)
 ParOldGen       total 125952K, used 68928K [0x00000000c0000000, 0x00000000c7b00000, 0x00000000eab00000)
  object space 125952K, 54% used [0x00000000c0000000,0x00000000c4350348,0x00000000c7b00000)
 Metaspace       used 51050K, capacity 53998K, committed 54272K, reserved 1095680K
  class space    used 7096K, capacity 8132K, committed 8192K, reserved 1048576K
}
Event: 2912.714 GC heap before
{Heap before GC invocations=25 (full 4):
 PSYoungGen      total 266240K, used 252526K [0x00000000eab00000, 0x00000000fc700000, 0x0000000100000000)
  eden space 248832K, 100% used [0x00000000eab00000,0x00000000f9e00000,0x00000000f9e00000)
  from space 17408K, 21% used [0x00000000fb600000,0x00000000fb99b810,0x00000000fc700000)
  to   space 20992K, 0% used [0x00000000f9e00000,0x00000000f9e00000,0x00000000fb280000)
 ParOldGen       total 125952K, used 68928K [0x00000000c0000000, 0x00000000c7b00000, 0x00000000eab00000)
  object space 125952K, 54% used [0x00000000c0000000,0x00000000c4350348,0x00000000c7b00000)
 Metaspace       used 57967K, capacity 61849K, committed 61952K, reserved 1101824K
  class space    used 8108K, capacity 9451K, committed 9472K, reserved 1048576K
Event: 2913.611 GC heap after
Heap after GC invocations=25 (full 4):
 PSYoungGen      total 269824K, used 20976K [0x00000000eab00000, 0x0000000100000000, 0x0000000100000000)
  eden space 248832K, 0% used [0x00000000eab00000,0x00000000eab00000,0x00000000f9e00000)
  from space 20992K, 99% used [0x00000000f9e00000,0x00000000fb27c380,0x00000000fb280000)
  to   space 27648K, 0% used [0x00000000fe500000,0x00000000fe500000,0x0000000100000000)
 ParOldGen       total 125952K, used 77024K [0x00000000c0000000, 0x00000000c7b00000, 0x00000000eab00000)
  object space 125952K, 61% used [0x00000000c0000000,0x00000000c4b38008,0x00000000c7b00000)
 Metaspace       used 57967K, capacity 61849K, committed 61952K, reserved 1101824K
  class space    used 8108K, capacity 9451K, committed 9472K, reserved 1048576K
}

